<?xml version="1.0" encoding="UTF-8"?>
<!-- Generated by org.testng.reporters.JUnitReportReporter -->
<testsuite hostname="DESKTOP-6MCO3NS" failures="0" tests="4" name="com.qa.opencart.tests.AccountsPageTest" time="0.420" errors="0" timestamp="16 May 2023 05:19:12 GMT" skipped="0">
  <testcase classname="com.qa.opencart.tests.AccountsPageTest" name="accountHeaderTest" time="0.260"/>
  <testcase classname="com.qa.opencart.tests.AccountsPageTest" name="verifyAccountsPageTilteTest" time="0.024"/>
  <testcase classname="com.qa.opencart.tests.AccountsPageTest" name="verifyAccountUrlTest" time="0.020"/>
  <testcase classname="com.qa.opencart.tests.AccountsPageTest" name="logoutlinkExistTest" time="0.116"/>
</testsuite> <!-- com.qa.opencart.tests.AccountsPageTest -->
