<?xml version="1.0" encoding="UTF-8"?>
<!-- Generated by org.testng.reporters.JUnitReportReporter -->
<testsuite hostname="DESKTOP-6MCO3NS" failures="0" tests="16" name="com.qa.opencart.tests.AccountsPageTest" time="46.569" errors="0" timestamp="2023-05-25T21:37:03 IST" skipped="0">
  <testcase classname="com.qa.opencart.tests.AccountsPageTest" name="verifyAccountsPageTilteTest" time="0.178"/>
  <system-out/>
  <testcase classname="com.qa.opencart.tests.AccountsPageTest" name="verifyAccountUrlTest" time="0.018"/>
  <system-out/>
  <testcase classname="com.qa.opencart.tests.AccountsPageTest" name="logoutlinkExistTest" time="0.220"/>
  <system-out/>
  <testcase classname="com.qa.opencart.tests.AccountsPageTest" name="accountHeaderCountTest" time="0.225"/>
  <system-out/>
  <testcase classname="com.qa.opencart.tests.AccountsPageTest" name="accountHeaderValueTest" time="0.089"/>
  <system-out/>
  <testcase classname="com.qa.opencart.tests.AccountsPageTest" name="searchProduct" time="3.749"/>
  <system-out/>
  <testcase classname="com.qa.opencart.tests.AccountsPageTest" name="searchProduct" time="2.345"/>
  <system-out/>
  <testcase classname="com.qa.opencart.tests.AccountsPageTest" name="searchProduct" time="2.466"/>
  <system-out/>
  <testcase classname="com.qa.opencart.tests.AccountsPageTest" name="searchProduct" time="2.388"/>
  <system-out/>
  <testcase classname="com.qa.opencart.tests.AccountsPageTest" name="selectProductTest" time="5.329"/>
  <system-out/>
  <testcase classname="com.qa.opencart.tests.AccountsPageTest" name="selectProductTest" time="4.565"/>
  <system-out/>
  <testcase classname="com.qa.opencart.tests.AccountsPageTest" name="selectProductTest" time="4.116"/>
  <system-out/>
  <testcase classname="com.qa.opencart.tests.AccountsPageTest" name="selectProductTest" time="4.663"/>
  <system-out/>
  <testcase classname="com.qa.opencart.tests.AccountsPageTest" name="selectProductTest" time="6.949"/>
  <system-out/>
  <testcase classname="com.qa.opencart.tests.AccountsPageTest" name="selectProductTest" time="4.393"/>
  <system-out/>
  <testcase classname="com.qa.opencart.tests.AccountsPageTest" name="selectProductTest" time="4.876"/>
  <system-out/>
</testsuite> <!-- com.qa.opencart.tests.AccountsPageTest -->
