<?xml version="1.0" encoding="UTF-8"?>
<!-- Generated by org.testng.reporters.JUnitReportReporter -->
<testsuite hostname="DESKTOP-6MCO3NS" failures="0" tests="4" name="com.qa.opencart.tests.AccountsPageTest" time="0.513" errors="0" timestamp="2023-05-17T15:35:23 IST" skipped="0">
  <testcase classname="com.qa.opencart.tests.AccountsPageTest" name="verifyAccountsPageTilteTest" time="0.138"/>
  <system-out/>
  <testcase classname="com.qa.opencart.tests.AccountsPageTest" name="verifyAccountUrlTest" time="0.026"/>
  <system-out/>
  <testcase classname="com.qa.opencart.tests.AccountsPageTest" name="logoutlinkExistTest" time="0.199"/>
  <system-out/>
  <testcase classname="com.qa.opencart.tests.AccountsPageTest" name="accountHeaderTest" time="0.150"/>
  <system-out/>
</testsuite> <!-- com.qa.opencart.tests.AccountsPageTest -->
