<?xml version="1.0" encoding="UTF-8"?>
<!-- Generated by org.testng.reporters.JUnitReportReporter -->
<testsuite hostname="DESKTOP-6MCO3NS" failures="0" tests="6" name="com.qa.opencart.tests.ProductPageInfoTest" time="22.384" errors="0" timestamp="2023-05-26T14:48:31 IST" skipped="0">
  <testcase classname="com.qa.opencart.tests.ProductPageInfoTest" name="productImageCountTest" time="3.201"/>
  <system-out/>
  <testcase classname="com.qa.opencart.tests.ProductPageInfoTest" name="productImageCountTest" time="3.998"/>
  <system-out/>
  <testcase classname="com.qa.opencart.tests.ProductPageInfoTest" name="productImageCountTest" time="4.074"/>
  <system-out/>
  <testcase classname="com.qa.opencart.tests.ProductPageInfoTest" name="productImageCountTest" time="3.543"/>
  <system-out/>
  <testcase classname="com.qa.opencart.tests.ProductPageInfoTest" name="productImageCountTest" time="3.822"/>
  <system-out/>
  <testcase classname="com.qa.opencart.tests.ProductPageInfoTest" name="productImageCountTest" time="3.746"/>
  <system-out/>
</testsuite> <!-- com.qa.opencart.tests.ProductPageInfoTest -->
